<?xml version="1.0" encoding="UTF-8"?>
<!-- Generated by org.testng.reporters.JUnitXMLReporter -->
<testsuite hostname="Oshins-MBP" ignored="0" name="Test" tests="3" failures="0" timestamp="2020-07-18T21:21:13 IST" time="21.304" errors="0">
  <testcase name="getUIWeatherDetails" time="3.891" classname="com.NDTV.Web.TestCases.TC01_ValidateTest"/>
  <testcase name="getApiResponse" time="2.561" classname="com.NDTV.Web.TestCases.TC01_ValidateTest"/>
  <testcase name="compareWeatherFromUIandAPI" time="0.001" classname="com.NDTV.Web.TestCases.TC01_ValidateTest"/>
</testsuite> <!-- Test -->
