<?xml version="1.0" encoding="UTF-8"?>
<!-- Generated by org.testng.reporters.JUnitXMLReporter -->
<testsuite hostname="Oshins-MacBook-Pro.local" ignored="0" name="Test" tests="3" failures="0" timestamp="2020-08-04T23:49:43 IST" time="18.966" errors="0">
  <testcase name="getUIWeatherDetails" time="4.405" classname="com.NDTV.Web.TestCases.TC01_ValidateTest"/>
  <testcase name="getApiResponse" time="2.265" classname="com.NDTV.Web.TestCases.TC01_ValidateTest"/>
  <testcase name="compareWeatherFromUIandAPI" time="0.002" classname="com.NDTV.Web.TestCases.TC01_ValidateTest"/>
</testsuite> <!-- Test -->
