<?xml version="1.0" encoding="UTF-8"?>
<testng-results skipped="0" failed="0" ignored="0" total="3" passed="3">
  <reporter-output>
  </reporter-output>
  <suite name="Suite" duration-ms="28650" started-at="2020-07-18T20:13:22 IST" finished-at="2020-07-18T20:13:50 IST">
    <groups>
    </groups>
    <test name="Test" duration-ms="28650" started-at="2020-07-18T20:13:22 IST" finished-at="2020-07-18T20:13:50 IST">
      <class name="com.NDTV.Web.TestCases.TC01_ValidateTest">
        <test-method status="PASS" signature="setUp(java.lang.String)[pri:0, instance:com.NDTV.Web.TestCases.TC01_ValidateTest@7e2d773b]" name="setUp" is-config="true" duration-ms="6012" started-at="2020-07-18T20:13:22 IST" finished-at="2020-07-18T20:13:28 IST">
          <params>
            <param index="0">
              <value>
                <![CDATA[chrome]]>
              </value>
            </param>
          </params>
          <reporter-output>
          </reporter-output>
        </test-method> <!-- setUp -->
        <test-method status="PASS" signature="getUIWeatherDetails(java.lang.String)[pri:0, instance:com.NDTV.Web.TestCases.TC01_ValidateTest@7e2d773b]" name="getUIWeatherDetails" duration-ms="8550" started-at="2020-07-18T20:13:28 IST" finished-at="2020-07-18T20:13:36 IST">
          <params>
            <param index="0">
              <value>
                <![CDATA[Bengaluru]]>
              </value>
            </param>
          </params>
          <reporter-output>
          </reporter-output>
        </test-method> <!-- getUIWeatherDetails -->
        <test-method status="PASS" signature="getApiResponse()[pri:0, instance:com.NDTV.Web.TestCases.TC01_ValidateTest@7e2d773b]" name="getApiResponse" duration-ms="13659" started-at="2020-07-18T20:13:37 IST" depends-on-methods="com.NDTV.Web.TestCases.TC01_ValidateTest.getUIWeatherDetails" finished-at="2020-07-18T20:13:50 IST">
          <reporter-output>
          </reporter-output>
        </test-method> <!-- getApiResponse -->
        <test-method status="PASS" signature="compareWeatherFromUIandAPI(double, double)[pri:0, instance:com.NDTV.Web.TestCases.TC01_ValidateTest@7e2d773b]" name="compareWeatherFromUIandAPI" duration-ms="2" started-at="2020-07-18T20:13:50 IST" depends-on-methods="com.NDTV.Web.TestCases.TC01_ValidateTest.getApiResponse" finished-at="2020-07-18T20:13:50 IST">
          <params>
            <param index="0">
              <value>
                <![CDATA[3.0]]>
              </value>
            </param>
            <param index="1">
              <value>
                <![CDATA[20.0]]>
              </value>
            </param>
          </params>
          <reporter-output>
          </reporter-output>
        </test-method> <!-- compareWeatherFromUIandAPI -->
        <test-method status="PASS" signature="closeDriver()[pri:0, instance:com.NDTV.Web.TestCases.TC01_ValidateTest@7e2d773b]" name="closeDriver" is-config="true" duration-ms="231" started-at="2020-07-18T20:13:50 IST" finished-at="2020-07-18T20:13:50 IST">
          <reporter-output>
          </reporter-output>
        </test-method> <!-- closeDriver -->
      </class> <!-- com.NDTV.Web.TestCases.TC01_ValidateTest -->
    </test> <!-- Test -->
  </suite> <!-- Suite -->
</testng-results>
